<?xml version="1.0" encoding="UTF-8"?>
<!-- Generated by org.testng.reporters.JUnitXMLReporter -->
<testsuite hostname="DESKTOP-RRS71A3" ignored="0" name="Default test" tests="3" failures="0" timestamp="24 Aug 2021 18:45:02 GMT" time="27.917" errors="0">
  <testcase name="submitSearchWithPrediction" time="2.589" classname="Google.InstabugChallenge.SearchTests"/>
  <testcase name="submitSearchWithEnter" time="2.395" classname="Google.InstabugChallenge.SearchTests"/>
  <testcase name="submitSearchWithButton" time="2.451" classname="Google.InstabugChallenge.SearchTests"/>
</testsuite> <!-- Default test -->
